[06/18/23 14:56:14] crowsnest: crowsnest - A webcam Service for multiple Cams and Stream Services.
[06/18/23 14:56:14] crowsnest: Version: v4.1.9-1-gd75a3ae
[06/18/23 14:56:14] crowsnest: Prepare Startup ...
[06/18/23 14:56:14] crowsnest: INFO: Host information:
[06/18/23 14:56:15] crowsnest: Host Info: Distribution: Debian GNU/Linux 11 (bullseye)
[06/18/23 14:56:15] crowsnest: Host Info: Kernel: Linux 5.10.160 aarch64
[06/18/23 14:56:15] crowsnest: Host Info: Available CPU Cores: 4
[06/18/23 14:56:15] crowsnest: Host Info: Available Memory: 498752 kB
[06/18/23 14:56:15] crowsnest: Host Info: Diskspace (avail. / total): 2.8G / 7.1G
[06/18/23 14:56:15] crowsnest: INFO: Checking Dependencies
[06/18/23 14:56:15] crowsnest: Dependency: 'crudini' found in /usr/bin/crudini.
[06/18/23 14:56:16] crowsnest: Dependency: 'find' found in /usr/bin/find.
[06/18/23 14:56:16] crowsnest: Dependency: 'xargs' found in /usr/bin/xargs.
[06/18/23 14:56:16] crowsnest: Dependency: 'ustreamer' found in bin/ustreamer/src/ustreamer.bin.
[06/18/23 14:56:16] crowsnest: Version Control: ustreamer is up to date. (v6.10)
[06/18/23 14:56:16] crowsnest: INFO: Print Configfile: '/home/sovol/printer_data/config/crowsnest.conf'
[06/18/23 14:56:16] crowsnest:		[crowsnest]
[06/18/23 14:56:16] crowsnest:		log_path: /home/sovol/printer_data/logs/crowsnest.log
[06/18/23 14:56:16] crowsnest:		log_level: verbose
[06/18/23 14:56:16] crowsnest:		delete_log: false
[06/18/23 14:56:16] crowsnest:		no_proxy: false
[06/18/23 14:56:16] crowsnest:		
[06/18/23 14:56:16] crowsnest:		[cam 1]
[06/18/23 14:56:16] crowsnest:		mode: ustreamer
[06/18/23 14:56:16] crowsnest:		
[06/18/23 14:56:16] crowsnest:		enable_rtsp: false
[06/18/23 14:56:16] crowsnest:		rtsp_port: 8554
[06/18/23 14:56:16] crowsnest:		port: 8080
[06/18/23 14:56:16] crowsnest:		device: /dev/video0
[06/18/23 14:56:16] crowsnest:		resolution: 640x480
[06/18/23 14:56:16] crowsnest:		max_fps: 15
[06/18/23 14:56:16] crowsnest: INFO: Detect available Devices
[06/18/23 14:56:17] crowsnest: ERROR: No usable Devices Found. Stopping crowsnest.
[06/18/23 14:56:26] crowsnest: crowsnest - A webcam Service for multiple Cams and Stream Services.
[06/18/23 14:56:26] crowsnest: Version: v4.1.9-1-gd75a3ae
[06/18/23 14:56:27] crowsnest: Prepare Startup ...
[06/18/23 14:56:27] crowsnest: INFO: Host information:
[06/18/23 14:56:27] crowsnest: Host Info: Distribution: Debian GNU/Linux 11 (bullseye)
[06/18/23 14:56:27] crowsnest: Host Info: Kernel: Linux 5.10.160 aarch64
[06/18/23 14:56:27] crowsnest: Host Info: Available CPU Cores: 4
[06/18/23 14:56:27] crowsnest: Host Info: Available Memory: 498752 kB
[06/18/23 14:56:27] crowsnest: Host Info: Diskspace (avail. / total): 2.8G / 7.1G
[06/18/23 14:56:27] crowsnest: INFO: Checking Dependencies
[06/18/23 14:56:27] crowsnest: Dependency: 'crudini' found in /usr/bin/crudini.
[06/18/23 14:56:27] crowsnest: Dependency: 'find' found in /usr/bin/find.
[06/18/23 14:56:27] crowsnest: Dependency: 'xargs' found in /usr/bin/xargs.
[06/18/23 14:56:27] crowsnest: Dependency: 'ustreamer' found in bin/ustreamer/src/ustreamer.bin.
[06/18/23 14:56:27] crowsnest: Version Control: ustreamer is up to date. (v6.10)
[06/18/23 14:56:28] crowsnest: INFO: Print Configfile: '/home/sovol/printer_data/config/crowsnest.conf'
[06/18/23 14:56:28] crowsnest:		[crowsnest]
[06/18/23 14:56:28] crowsnest:		log_path: /home/sovol/printer_data/logs/crowsnest.log
[06/18/23 14:56:28] crowsnest:		log_level: verbose
[06/18/23 14:56:28] crowsnest:		delete_log: false
[06/18/23 14:56:28] crowsnest:		no_proxy: false
[06/18/23 14:56:28] crowsnest:		
[06/18/23 14:56:28] crowsnest:		[cam 1]
[06/18/23 14:56:28] crowsnest:		mode: ustreamer
[06/18/23 14:56:28] crowsnest:		
[06/18/23 14:56:28] crowsnest:		enable_rtsp: false
[06/18/23 14:56:28] crowsnest:		rtsp_port: 8554
[06/18/23 14:56:28] crowsnest:		port: 8080
[06/18/23 14:56:28] crowsnest:		device: /dev/video0
[06/18/23 14:56:28] crowsnest:		resolution: 640x480
[06/18/23 14:56:28] crowsnest:		max_fps: 15
[06/18/23 14:56:28] crowsnest: INFO: Detect available Devices
[06/18/23 14:56:28] crowsnest: ERROR: No usable Devices Found. Stopping crowsnest.
[06/18/23 14:56:37] crowsnest: crowsnest - A webcam Service for multiple Cams and Stream Services.
[06/18/23 14:56:37] crowsnest: Version: v4.1.9-1-gd75a3ae
[06/18/23 14:56:37] crowsnest: Prepare Startup ...
[06/18/23 14:56:37] crowsnest: INFO: Host information:
[06/18/23 14:56:37] crowsnest: Host Info: Distribution: Debian GNU/Linux 11 (bullseye)
[06/18/23 14:56:37] crowsnest: Host Info: Kernel: Linux 5.10.160 aarch64
[06/18/23 14:56:37] crowsnest: Host Info: Available CPU Cores: 4
[06/18/23 14:56:37] crowsnest: Host Info: Available Memory: 498752 kB
[06/18/23 14:56:37] crowsnest: Host Info: Diskspace (avail. / total): 2.8G / 7.1G
[06/18/23 14:56:37] crowsnest: INFO: Checking Dependencies
[06/18/23 14:56:37] crowsnest: Dependency: 'crudini' found in /usr/bin/crudini.
[06/18/23 14:56:37] crowsnest: Dependency: 'find' found in /usr/bin/find.
[06/18/23 14:56:38] crowsnest: Dependency: 'xargs' found in /usr/bin/xargs.
[06/18/23 14:56:38] crowsnest: Dependency: 'ustreamer' found in bin/ustreamer/src/ustreamer.bin.
[06/18/23 14:56:38] crowsnest: Version Control: ustreamer is up to date. (v6.10)
[06/18/23 14:56:38] crowsnest: INFO: Print Configfile: '/home/sovol/printer_data/config/crowsnest.conf'
[06/18/23 14:56:38] crowsnest:		[crowsnest]
[06/18/23 14:56:38] crowsnest:		log_path: /home/sovol/printer_data/logs/crowsnest.log
[06/18/23 14:56:38] crowsnest:		log_level: verbose
[06/18/23 14:56:38] crowsnest:		delete_log: false
[06/18/23 14:56:38] crowsnest:		no_proxy: false
[06/18/23 14:56:38] crowsnest:		
[06/18/23 14:56:38] crowsnest:		[cam 1]
[06/18/23 14:56:38] crowsnest:		mode: ustreamer
[06/18/23 14:56:38] crowsnest:		
[06/18/23 14:56:38] crowsnest:		enable_rtsp: false
[06/18/23 14:56:38] crowsnest:		rtsp_port: 8554
[06/18/23 14:56:38] crowsnest:		port: 8080
[06/18/23 14:56:38] crowsnest:		device: /dev/video0
[06/18/23 14:56:38] crowsnest:		resolution: 640x480
[06/18/23 14:56:38] crowsnest:		max_fps: 15
[06/18/23 14:56:38] crowsnest: INFO: Detect available Devices
[06/18/23 14:56:38] crowsnest: ERROR: No usable Devices Found. Stopping crowsnest.
[06/18/23 14:56:47] crowsnest: crowsnest - A webcam Service for multiple Cams and Stream Services.
[06/18/23 14:56:47] crowsnest: Version: v4.1.9-1-gd75a3ae
[06/18/23 14:56:47] crowsnest: Prepare Startup ...
[06/18/23 14:56:48] crowsnest: INFO: Host information:
[06/18/23 14:56:48] crowsnest: Host Info: Distribution: Debian GNU/Linux 11 (bullseye)
[06/18/23 14:56:48] crowsnest: Host Info: Kernel: Linux 5.10.160 aarch64
[06/18/23 14:56:48] crowsnest: Host Info: Available CPU Cores: 4
[06/18/23 14:56:48] crowsnest: Host Info: Available Memory: 498752 kB
[06/18/23 14:56:48] crowsnest: Host Info: Diskspace (avail. / total): 2.8G / 7.1G
[06/18/23 14:56:48] crowsnest: INFO: Checking Dependencies
[06/18/23 14:56:48] crowsnest: Dependency: 'crudini' found in /usr/bin/crudini.
[06/18/23 14:56:48] crowsnest: Dependency: 'find' found in /usr/bin/find.
[06/18/23 14:56:48] crowsnest: Dependency: 'xargs' found in /usr/bin/xargs.
[06/18/23 14:56:49] crowsnest: Dependency: 'ustreamer' found in bin/ustreamer/src/ustreamer.bin.
[06/18/23 14:56:49] crowsnest: Version Control: ustreamer is up to date. (v6.10)
[06/18/23 14:56:49] crowsnest: INFO: Print Configfile: '/home/sovol/printer_data/config/crowsnest.conf'
[06/18/23 14:56:49] crowsnest:		[crowsnest]
[06/18/23 14:56:49] crowsnest:		log_path: /home/sovol/printer_data/logs/crowsnest.log
[06/18/23 14:56:49] crowsnest:		log_level: verbose
[06/18/23 14:56:49] crowsnest:		delete_log: false
[06/18/23 14:56:49] crowsnest:		no_proxy: false
[06/18/23 14:56:49] crowsnest:		
[06/18/23 14:56:49] crowsnest:		[cam 1]
[06/18/23 14:56:49] crowsnest:		mode: ustreamer
[06/18/23 14:56:49] crowsnest:		
[06/18/23 14:56:49] crowsnest:		enable_rtsp: false
[06/18/23 14:56:49] crowsnest:		rtsp_port: 8554
[06/18/23 14:56:49] crowsnest:		port: 8080
[06/18/23 14:56:49] crowsnest:		device: /dev/video0
[06/18/23 14:56:49] crowsnest:		resolution: 640x480
[06/18/23 14:56:49] crowsnest:		max_fps: 15
[06/18/23 14:56:49] crowsnest: INFO: Detect available Devices
[06/18/23 14:56:49] crowsnest: ERROR: No usable Devices Found. Stopping crowsnest.
[06/18/23 14:56:58] crowsnest: crowsnest - A webcam Service for multiple Cams and Stream Services.
[06/18/23 14:56:58] crowsnest: Version: v4.1.9-1-gd75a3ae
[06/18/23 14:56:58] crowsnest: Prepare Startup ...
[06/18/23 14:56:58] crowsnest: INFO: Host information:
[06/18/23 14:56:58] crowsnest: Host Info: Distribution: Debian GNU/Linux 11 (bullseye)
[06/18/23 14:56:59] crowsnest: Host Info: Kernel: Linux 5.10.160 aarch64
[06/18/23 14:56:59] crowsnest: Host Info: Available CPU Cores: 4
[06/18/23 14:56:59] crowsnest: Host Info: Available Memory: 498752 kB
[06/18/23 14:56:59] crowsnest: Host Info: Diskspace (avail. / total): 2.8G / 7.1G
[06/18/23 14:56:59] crowsnest: INFO: Checking Dependencies
[06/18/23 14:56:59] crowsnest: Dependency: 'crudini' found in /usr/bin/crudini.
[06/18/23 14:56:59] crowsnest: Dependency: 'find' found in /usr/bin/find.
[06/18/23 14:56:59] crowsnest: Dependency: 'xargs' found in /usr/bin/xargs.
[06/18/23 14:56:59] crowsnest: Dependency: 'ustreamer' found in bin/ustreamer/src/ustreamer.bin.
[06/18/23 14:56:59] crowsnest: Version Control: ustreamer is up to date. (v6.10)
[06/18/23 14:56:59] crowsnest: INFO: Print Configfile: '/home/sovol/printer_data/config/crowsnest.conf'
[06/18/23 14:56:59] crowsnest:		[crowsnest]
[06/18/23 14:56:59] crowsnest:		log_path: /home/sovol/printer_data/logs/crowsnest.log
[06/18/23 14:56:59] crowsnest:		log_level: verbose
[06/18/23 14:56:59] crowsnest:		delete_log: false
[06/18/23 14:56:59] crowsnest:		no_proxy: false
[06/18/23 14:56:59] crowsnest:		
[06/18/23 14:56:59] crowsnest:		[cam 1]
[06/18/23 14:56:59] crowsnest:		mode: ustreamer
[06/18/23 14:56:59] crowsnest:		
[06/18/23 14:56:59] crowsnest:		enable_rtsp: false
[06/18/23 14:56:59] crowsnest:		rtsp_port: 8554
[06/18/23 14:56:59] crowsnest:		port: 8080
[06/18/23 14:56:59] crowsnest:		device: /dev/video0
[06/18/23 14:56:59] crowsnest:		resolution: 640x480
[06/18/23 14:56:59] crowsnest:		max_fps: 15
[06/18/23 14:57:00] crowsnest: INFO: Detect available Devices
[06/18/23 14:57:00] crowsnest: ERROR: No usable Devices Found. Stopping crowsnest.
[06/18/23 14:57:09] crowsnest: crowsnest - A webcam Service for multiple Cams and Stream Services.
[06/18/23 14:57:09] crowsnest: Version: v4.1.9-1-gd75a3ae
[06/18/23 14:57:09] crowsnest: Prepare Startup ...
[06/18/23 14:57:09] crowsnest: INFO: Host information:
[06/18/23 14:57:09] crowsnest: Host Info: Distribution: Debian GNU/Linux 11 (bullseye)
[06/18/23 14:57:09] crowsnest: Host Info: Kernel: Linux 5.10.160 aarch64
[06/18/23 14:57:09] crowsnest: Host Info: Available CPU Cores: 4
[06/18/23 14:57:09] crowsnest: Host Info: Available Memory: 498752 kB
[06/18/23 14:57:09] crowsnest: Host Info: Diskspace (avail. / total): 2.8G / 7.1G
[06/18/23 14:57:09] crowsnest: INFO: Checking Dependencies
[06/18/23 14:57:09] crowsnest: Dependency: 'crudini' found in /usr/bin/crudini.
[06/18/23 14:57:09] crowsnest: Dependency: 'find' found in /usr/bin/find.
[06/18/23 14:57:09] crowsnest: Dependency: 'xargs' found in /usr/bin/xargs.
[06/18/23 14:57:09] crowsnest: Dependency: 'ustreamer' found in bin/ustreamer/src/ustreamer.bin.
[06/18/23 14:57:10] crowsnest: Version Control: ustreamer is up to date. (v6.10)
[06/18/23 14:57:10] crowsnest: INFO: Print Configfile: '/home/sovol/printer_data/config/crowsnest.conf'
[06/18/23 14:57:10] crowsnest:		[crowsnest]
[06/18/23 14:57:10] crowsnest:		log_path: /home/sovol/printer_data/logs/crowsnest.log
[06/18/23 14:57:10] crowsnest:		log_level: verbose
[06/18/23 14:57:10] crowsnest:		delete_log: false
[06/18/23 14:57:10] crowsnest:		no_proxy: false
[06/18/23 14:57:10] crowsnest:		
[06/18/23 14:57:10] crowsnest:		[cam 1]
[06/18/23 14:57:10] crowsnest:		mode: ustreamer
[06/18/23 14:57:10] crowsnest:		
[06/18/23 14:57:10] crowsnest:		enable_rtsp: false
[06/18/23 14:57:10] crowsnest:		rtsp_port: 8554
[06/18/23 14:57:10] crowsnest:		port: 8080
[06/18/23 14:57:10] crowsnest:		device: /dev/video0
[06/18/23 14:57:10] crowsnest:		resolution: 640x480
[06/18/23 14:57:10] crowsnest:		max_fps: 15
[06/18/23 14:57:10] crowsnest: INFO: Detect available Devices
[06/18/23 14:57:10] crowsnest: ERROR: No usable Devices Found. Stopping crowsnest.
[06/18/23 14:57:19] crowsnest: crowsnest - A webcam Service for multiple Cams and Stream Services.
[06/18/23 14:57:19] crowsnest: Version: v4.1.9-1-gd75a3ae
[06/18/23 14:57:19] crowsnest: Prepare Startup ...
[06/18/23 14:57:19] crowsnest: INFO: Host information:
[06/18/23 14:57:19] crowsnest: Host Info: Distribution: Debian GNU/Linux 11 (bullseye)
[06/18/23 14:57:19] crowsnest: Host Info: Kernel: Linux 5.10.160 aarch64
[06/18/23 14:57:19] crowsnest: Host Info: Available CPU Cores: 4
[06/18/23 14:57:19] crowsnest: Host Info: Available Memory: 498752 kB
[06/18/23 14:57:19] crowsnest: Host Info: Diskspace (avail. / total): 2.8G / 7.1G
[06/18/23 14:57:19] crowsnest: INFO: Checking Dependencies
[06/18/23 14:57:20] crowsnest: Dependency: 'crudini' found in /usr/bin/crudini.
[06/18/23 14:57:20] crowsnest: Dependency: 'find' found in /usr/bin/find.
[06/18/23 14:57:20] crowsnest: Dependency: 'xargs' found in /usr/bin/xargs.
[06/18/23 14:57:20] crowsnest: Dependency: 'ustreamer' found in bin/ustreamer/src/ustreamer.bin.
[06/18/23 14:57:20] crowsnest: Version Control: ustreamer is up to date. (v6.10)
[06/18/23 14:57:20] crowsnest: INFO: Print Configfile: '/home/sovol/printer_data/config/crowsnest.conf'
[06/18/23 14:57:20] crowsnest:		[crowsnest]
[06/18/23 14:57:20] crowsnest:		log_path: /home/sovol/printer_data/logs/crowsnest.log
[06/18/23 14:57:20] crowsnest:		log_level: verbose
[06/18/23 14:57:20] crowsnest:		delete_log: false
[06/18/23 14:57:20] crowsnest:		no_proxy: false
[06/18/23 14:57:20] crowsnest:		
[06/18/23 14:57:20] crowsnest:		[cam 1]
[06/18/23 14:57:20] crowsnest:		mode: ustreamer
[06/18/23 14:57:20] crowsnest:		
[06/18/23 14:57:20] crowsnest:		enable_rtsp: false
[06/18/23 14:57:20] crowsnest:		rtsp_port: 8554
[06/18/23 14:57:20] crowsnest:		port: 8080
[06/18/23 14:57:20] crowsnest:		device: /dev/video0
[06/18/23 14:57:20] crowsnest:		resolution: 640x480
[06/18/23 14:57:20] crowsnest:		max_fps: 15
[06/18/23 14:57:20] crowsnest: INFO: Detect available Devices
[06/18/23 14:57:20] crowsnest: ERROR: No usable Devices Found. Stopping crowsnest.
[06/18/23 14:57:28] crowsnest: crowsnest - A webcam Service for multiple Cams and Stream Services.
[06/18/23 14:57:28] crowsnest: Version: v4.1.9-1-gd75a3ae
[06/18/23 14:57:28] crowsnest: Prepare Startup ...
[06/18/23 14:57:28] crowsnest: INFO: Host information:
[06/18/23 14:57:28] crowsnest: Host Info: Distribution: Debian GNU/Linux 11 (bullseye)
[06/18/23 14:57:28] crowsnest: Host Info: Kernel: Linux 5.10.160 aarch64
[06/18/23 14:57:28] crowsnest: Host Info: Available CPU Cores: 4
[06/18/23 14:57:28] crowsnest: Host Info: Available Memory: 498752 kB
[06/18/23 14:57:29] crowsnest: Host Info: Diskspace (avail. / total): 2.8G / 7.1G
[06/18/23 14:57:29] crowsnest: INFO: Checking Dependencies
[06/18/23 14:57:29] crowsnest: Dependency: 'crudini' found in /usr/bin/crudini.
[06/18/23 14:57:29] crowsnest: Dependency: 'find' found in /usr/bin/find.
[06/18/23 14:57:29] crowsnest: Dependency: 'xargs' found in /usr/bin/xargs.
[06/18/23 14:57:29] crowsnest: Dependency: 'ustreamer' found in bin/ustreamer/src/ustreamer.bin.
[06/18/23 14:57:29] crowsnest: Version Control: ustreamer is up to date. (v6.10)
[06/18/23 14:57:29] crowsnest: INFO: Print Configfile: '/home/sovol/printer_data/config/crowsnest.conf'
[06/18/23 14:57:29] crowsnest:		[crowsnest]
[06/18/23 14:57:29] crowsnest:		log_path: /home/sovol/printer_data/logs/crowsnest.log
[06/18/23 14:57:29] crowsnest:		log_level: verbose
[06/18/23 14:57:29] crowsnest:		delete_log: false
[06/18/23 14:57:29] crowsnest:		no_proxy: false
[06/18/23 14:57:29] crowsnest:		
[06/18/23 14:57:29] crowsnest:		[cam 1]
[06/18/23 14:57:29] crowsnest:		mode: ustreamer
[06/18/23 14:57:29] crowsnest:		
[06/18/23 14:57:29] crowsnest:		enable_rtsp: false
[06/18/23 14:57:29] crowsnest:		rtsp_port: 8554
[06/18/23 14:57:29] crowsnest:		port: 8080
[06/18/23 14:57:29] crowsnest:		device: /dev/video0
[06/18/23 14:57:29] crowsnest:		resolution: 640x480
[06/18/23 14:57:29] crowsnest:		max_fps: 15
[06/18/23 14:57:29] crowsnest: INFO: Detect available Devices
[06/18/23 14:57:29] crowsnest: ERROR: No usable Devices Found. Stopping crowsnest.
[06/18/23 14:57:37] crowsnest: crowsnest - A webcam Service for multiple Cams and Stream Services.
[06/18/23 14:57:37] crowsnest: Version: v4.1.9-1-gd75a3ae
[06/18/23 14:57:38] crowsnest: Prepare Startup ...
[06/18/23 14:57:38] crowsnest: INFO: Host information:
[06/18/23 14:57:38] crowsnest: Host Info: Distribution: Debian GNU/Linux 11 (bullseye)
[06/18/23 14:57:38] crowsnest: Host Info: Kernel: Linux 5.10.160 aarch64
[06/18/23 14:57:38] crowsnest: Host Info: Available CPU Cores: 4
[06/18/23 14:57:38] crowsnest: Host Info: Available Memory: 498752 kB
[06/18/23 14:57:38] crowsnest: Host Info: Diskspace (avail. / total): 2.8G / 7.1G
[06/18/23 14:57:38] crowsnest: INFO: Checking Dependencies
[06/18/23 14:57:38] crowsnest: Dependency: 'crudini' found in /usr/bin/crudini.
[06/18/23 14:57:38] crowsnest: Dependency: 'find' found in /usr/bin/find.
[06/18/23 14:57:38] crowsnest: Dependency: 'xargs' found in /usr/bin/xargs.
[06/18/23 14:57:38] crowsnest: Dependency: 'ustreamer' found in bin/ustreamer/src/ustreamer.bin.
[06/18/23 14:57:38] crowsnest: Version Control: ustreamer is up to date. (v6.10)
[06/18/23 14:57:38] crowsnest: INFO: Print Configfile: '/home/sovol/printer_data/config/crowsnest.conf'
[06/18/23 14:57:38] crowsnest:		[crowsnest]
[06/18/23 14:57:38] crowsnest:		log_path: /home/sovol/printer_data/logs/crowsnest.log
[06/18/23 14:57:38] crowsnest:		log_level: verbose
[06/18/23 14:57:38] crowsnest:		delete_log: false
[06/18/23 14:57:38] crowsnest:		no_proxy: false
[06/18/23 14:57:38] crowsnest:		
[06/18/23 14:57:38] crowsnest:		[cam 1]
[06/18/23 14:57:38] crowsnest:		mode: ustreamer
[06/18/23 14:57:38] crowsnest:		
[06/18/23 14:57:38] crowsnest:		enable_rtsp: false
[06/18/23 14:57:38] crowsnest:		rtsp_port: 8554
[06/18/23 14:57:38] crowsnest:		port: 8080
[06/18/23 14:57:38] crowsnest:		device: /dev/video0
[06/18/23 14:57:38] crowsnest:		resolution: 640x480
[06/18/23 14:57:38] crowsnest:		max_fps: 15
[06/18/23 14:57:38] crowsnest: INFO: Detect available Devices
[06/18/23 14:57:39] crowsnest: ERROR: No usable Devices Found. Stopping crowsnest.
[06/18/23 14:57:47] crowsnest: crowsnest - A webcam Service for multiple Cams and Stream Services.
[06/18/23 14:57:47] crowsnest: Version: v4.1.9-1-gd75a3ae
[06/18/23 14:57:47] crowsnest: Prepare Startup ...
[06/18/23 14:57:47] crowsnest: INFO: Host information:
[06/18/23 14:57:47] crowsnest: Host Info: Distribution: Debian GNU/Linux 11 (bullseye)
[06/18/23 14:57:47] crowsnest: Host Info: Kernel: Linux 5.10.160 aarch64
[06/18/23 14:57:47] crowsnest: Host Info: Available CPU Cores: 4
[06/18/23 14:57:47] crowsnest: Host Info: Available Memory: 498752 kB
[06/18/23 14:57:47] crowsnest: Host Info: Diskspace (avail. / total): 2.8G / 7.1G
[06/18/23 14:57:47] crowsnest: INFO: Checking Dependencies
[06/18/23 14:57:47] crowsnest: Dependency: 'crudini' found in /usr/bin/crudini.
[06/18/23 14:57:47] crowsnest: Dependency: 'find' found in /usr/bin/find.
[06/18/23 14:57:47] crowsnest: Dependency: 'xargs' found in /usr/bin/xargs.
[06/18/23 14:57:47] crowsnest: Dependency: 'ustreamer' found in bin/ustreamer/src/ustreamer.bin.
[06/18/23 14:57:48] crowsnest: Version Control: ustreamer is up to date. (v6.10)
[06/18/23 14:57:48] crowsnest: INFO: Print Configfile: '/home/sovol/printer_data/config/crowsnest.conf'
[06/18/23 14:57:48] crowsnest:		[crowsnest]
[06/18/23 14:57:48] crowsnest:		log_path: /home/sovol/printer_data/logs/crowsnest.log
[06/18/23 14:57:48] crowsnest:		log_level: verbose
[06/18/23 14:57:48] crowsnest:		delete_log: false
[06/18/23 14:57:48] crowsnest:		no_proxy: false
[06/18/23 14:57:48] crowsnest:		
[06/18/23 14:57:48] crowsnest:		[cam 1]
[06/18/23 14:57:48] crowsnest:		mode: ustreamer
[06/18/23 14:57:48] crowsnest:		
[06/18/23 14:57:48] crowsnest:		enable_rtsp: false
[06/18/23 14:57:48] crowsnest:		rtsp_port: 8554
[06/18/23 14:57:48] crowsnest:		port: 8080
[06/18/23 14:57:48] crowsnest:		device: /dev/video0
[06/18/23 14:57:48] crowsnest:		resolution: 640x480
[06/18/23 14:57:48] crowsnest:		max_fps: 15
[06/18/23 14:57:48] crowsnest: INFO: Detect available Devices
[06/18/23 14:57:48] crowsnest: ERROR: No usable Devices Found. Stopping crowsnest.
